cmd/gt-proxy-client/main.go:83:2: this value of argv is never used (SA4006)
internal/acp/proxy.go:40:7: const startupPromptTimeout is unused (U1000)
internal/acp/proxy.go:82:2: field stderrLastLogTime is unused (U1000)
internal/acp/proxy_test.go:397:6: type nopWriteCloser is unused (U1000)
internal/acp/proxy_test.go:401:23: func nopWriteCloser.Close is unused (U1000)
internal/acp/proxy_test.go:646:2: field err is unused (U1000)
internal/beads/beads.go:875:17: func (*Beads).runWithRouting is unused (U1000)
internal/beads/beads.go:875:49: var _ is unused (U1000)
internal/beads/beads.go:1057:6: func overrideDoltEnvFromBeadsDir is unused (U1000)
internal/beads/beads.go:1073:6: func doltConnectionFromBeadsDir is unused (U1000)
internal/beads/store.go:195:6: func workFilterFromListOpts is unused (U1000)
internal/beads/store.go:509:17: func (*Beads).storeAddLabel is unused (U1000)
internal/beads/store.go:517:17: func (*Beads).storeRemoveLabel is unused (U1000)
internal/beads/store.go:525:17: func (*Beads).storeGetLabels is unused (U1000)
internal/cmd/activity.go:15:2: var activityEventType is unused (U1000)
internal/cmd/bd_helpers.go:119:6: func filterBdTargetEnv is unused (U1000)
internal/cmd/convoy.go:1364:6: type readyIssueInfo is unused (U1000)
internal/cmd/convoy.go:2436:6: func getExternalIssueDetails is unused (U1000)
internal/cmd/convoy_stage_test.go:1303:37: cutset contains duplicate characters (SA1024)
internal/cmd/costs.go:164:5: var costRegex is unused (U1000)
internal/cmd/costs.go:666:6: func extractCost is unused (U1000)
internal/cmd/done.go:851:5: this value of aheadCount is never used (SA4006)
internal/cmd/done.go:862:4: this value of aheadCount is never used (SA4006)
internal/cmd/done.go:903:5: this value of doneErrors is never used (SA4006)
internal/cmd/done.go:913:5: this value of doneErrors is never used (SA4006)
internal/cmd/done.go:991:4: this value of doneErrors is never used (SA4006)
internal/cmd/done.go:1082:4: this value of doneErrors is never used (SA4006)
internal/cmd/done.go:1098:4: this value of doneErrors is never used (SA4006)
internal/cmd/done.go:1288:6: this value of doneErrors is never used (SA4006)
internal/cmd/done.go:1476:5: this value of doneErrors is never used (SA4006)
internal/cmd/done.go:1487:5: this value of doneErrors is never used (SA4006)
internal/cmd/done.go:1499:5: this value of doneErrors is never used (SA4006)
internal/cmd/done.go:2321:6: func selfNukePolecat is unused (U1000)
internal/cmd/done.go:2403:6: func selfKillSession is unused (U1000)
internal/cmd/feed.go:319:81: this comparison is always true (SA4023)
	internal/cmd/feed.go:319:5: the lhs of the comparison is the 1st return value of this function call
	internal/cmd/feed.go:341:6: github.com/steveyegge/gastown/internal/cmd.discoverAgentBeadSources never returns a nil interface value
internal/cmd/helpers_unix.go:71:6: func execRuntime is unused (U1000)
internal/cmd/install.go:663:6: func writeJSON is unused (U1000)
internal/cmd/install.go:844:6: func ensureCustomTypes is unused (U1000)
internal/cmd/molecule_dag.go:304:3: the surrounding loop is unconditionally terminated (SA4004)
internal/cmd/mq_integration.go:58:6: func extractEpicPrefix is unused (U1000)
internal/cmd/namepool.go:18:2: var namepoolThemeFlag is unused (U1000)
internal/cmd/polecat_cycle.go:14:6: func cyclePolecatSession is unused (U1000)
internal/cmd/polecat_kiro_wrapper_test.go:903:6: type wrapperIntegrationCase is unused (U1000)
internal/cmd/rig.go:1594:6: func pathExists is unused (U1000)
internal/cmd/rig_helpers.go:70:6: func hasRigBeadLabel is unused (U1000)
internal/cmd/scheduler.go:436:6: func listAllScheduledBeadIDs is unused (U1000)
internal/cmd/scheduler.go:514:6: func countWorkingPolecats is unused (U1000)
internal/cmd/scheduler_test_helpers_test.go:26:6: func cleanSchedulerTestEnv is unused (U1000)
internal/cmd/scheduler_test_helpers_test.go:66:6: func runGTCmdOutput is unused (U1000)
internal/cmd/scheduler_test_helpers_test.go:82:6: func runGTCmdMayFail is unused (U1000)
internal/cmd/scheduler_test_helpers_test.go:94:6: func getSchedulerStatus is unused (U1000)
internal/cmd/scheduler_test_helpers_test.go:105:6: func getSchedulerList is unused (U1000)
internal/cmd/scheduler_test_helpers_test.go:119:6: func createTestBead is unused (U1000)
internal/cmd/scheduler_test_helpers_test.go:147:6: func beadHasLabel is unused (U1000)
internal/cmd/scheduler_test_helpers_test.go:174:6: func getBeadDescription is unused (U1000)
internal/cmd/scheduler_test_helpers_test.go:199:6: func updateBeadDescription is unused (U1000)
internal/cmd/scheduler_test_helpers_test.go:209:6: func addBeadLabel is unused (U1000)
internal/cmd/scheduler_test_helpers_test.go:219:6: func addBeadDependency is unused (U1000)
internal/cmd/scheduler_test_helpers_test.go:231:6: func addBeadDependencyOfType is unused (U1000)
internal/cmd/scheduler_test_helpers_test.go:242:6: func createTestBeadOfType is unused (U1000)
internal/cmd/scheduler_test_helpers_test.go:272:6: func slingToScheduler is unused (U1000)
internal/cmd/sling_batch_test.go:867:2: this value of logPath is never used (SA4006)
internal/cmd/sling_helpers.go:60:6: func resolveBeadDirFromRigsJSON is unused (U1000)
internal/cmd/sling_schedule.go:492:6: func isScheduled is unused (U1000)
internal/cmd/status.go:1496:6: func formatHookInfo is unused (U1000)
internal/cmd/status.go:1933:6: func getAgentHook is unused (U1000)
internal/config/env_test.go:1156:6: func containsStr is unused (U1000)
internal/config/integration_test.go:392:6: func waitForTmuxOutputContains is unused (U1000)
internal/daemon/compactor_dog.go:590:18: func (*Daemon).compactorCleanup is unused (U1000)
internal/daemon/lifecycle.go:937:6: func identityToBDActor is unused (U1000)
internal/daemon/lifecycle.go:1261:18: func (*Daemon).extractRigFromAgentID is unused (U1000)
internal/daemon/metrics.go:186:26: func (*daemonMetrics).recordPolecatSpawn is unused (U1000)
internal/doctor/beads_check_test.go:332:2: field setCalls is unused (U1000)
internal/doctor/beads_check_test.go:335:6: type prefixSetCall is unused (U1000)
internal/doctor/rig_check.go:835:2: field needsSync is unused (U1000)
internal/doctor/rig_check.go:1666:6: this value of actualFetch is never used (SA4006)
internal/doctor/rig_check.go:1666:20: TrimSpace doesn't have side effects and its return value is ignored (SA4017)
internal/mail/bd.go:140:6: func filterEnvKey is unused (U1000)
internal/mail/bd.go:178:6: func filterBdTargetEnv is unused (U1000)
internal/mail/resolve.go:240:20: func (*Resolver).resolveAtPattern is unused (U1000)
internal/mail/resolve.go:266:20: func (*Resolver).resolveByName is unused (U1000)
internal/mail/resolve.go:364:20: func (*Resolver).resolveBeadsGroup is unused (U1000)
internal/mail/resolve.go:387:20: func (*Resolver).expandGroupMembers is unused (U1000)
internal/nudge/procattr_unix.go:12:6: func detachedProcAttr is unused (U1000)
internal/nudge/procattr_unix.go:19:6: func isProcessAlive is unused (U1000)
internal/nudge/procattr_unix.go:24:6: func terminateProcess is unused (U1000)
internal/nudge/queue.go:50:2: const staleClaimThreshold is unused (U1000)
internal/polecat/manager.go:2409:19: func (*Manager).reuseDecisionForPolecat is unused (U1000)
internal/refinery/engineer.go:1200:20: func (*Engineer).syncCrewWorkspaces is unused (U1000)
internal/refinery/engineer_security_test.go:64:23: do not pass a nil Context, even if a function permits it; pass context.TODO if you are unsure about which Context to use (SA1012)
internal/refinery/engineer_security_test.go:80:23: do not pass a nil Context, even if a function permits it; pass context.TODO if you are unsure about which Context to use (SA1012)
internal/rig/operational_test.go:175:5: arguments have the wrong order (SA1032)
internal/runtime/runtime.go:224:2: this value of role is never used (SA4006)
internal/runtime/runtime.go:224:9: ToLower doesn't have side effects and its return value is ignored (SA4017)
internal/tmux/process_group_unix.go:12:6: func killProcessGroup is unused (U1000)
internal/version/stale.go:219:6: func isGitRepo is unused (U1000)
internal/web/fetcher.go:240:29: func (*LiveConvoyFetcher).tmuxArgs is unused (U1000)
internal/web/fetcher.go:1048:6: func formatMailAge is unused (U1000)
internal/witness/handlers.go:1298:5: var verifyBranchAlreadyMerged is unused (U1000)
internal/witness/handlers.go:1391:6: func _verifyBranchAlreadyMerged is unused (U1000)
internal/witness/handlers.go:3347:6: func getAgentBeadAge is unused (U1000)
internal/witness/mountain.go:123:3: the surrounding loop is unconditionally terminated (SA4004)
